#
# There is insufficient memory for the Java Runtime Environment to continue.
# Native memory allocation (malloc) failed to allocate 1048576 bytes. Error detail: AllocateHeap
# Possible reasons:
#   The system is out of physical RAM or swap space
#   This process is running with CompressedOops enabled, and the Java Heap may be blocking the growth of the native heap
# Possible solutions:
#   Reduce memory load on the system
#   Increase physical memory or swap space
#   Check if swap backing store is full
#   Decrease Java heap size (-Xmx/-Xms)
#   Decrease number of Java threads
#   Decrease Java thread stack sizes (-Xss)
#   Set larger code cache with -XX:ReservedCodeCacheSize=
#   JVM is running with Unscaled Compressed Oops mode in which the Java heap is
#     placed in the first 4GB address space. The Java Heap base address is the
#     maximum limit for the native heap growth. Please use -XX:HeapBaseMinAddress
#     to set the Java Heap base and to place the Java Heap above 4GB virtual address.
# This output file may be truncated or incomplete.
#
#  Out of Memory Error (allocation.cpp:44), pid=8440, tid=23944
#
# JRE version: OpenJDK Runtime Environment Temurin-21.0.9+10 (21.0.9+10) (build 21.0.9+10-LTS)
# Java VM: OpenJDK 64-Bit Server VM Temurin-21.0.9+10 (21.0.9+10-LTS, mixed mode, sharing, tiered, compressed oops, compressed class ptrs, parallel gc, windows-amd64)
# No core dump will be written. Minidumps are not enabled by default on client versions of Windows
#

---------------  S U M M A R Y ------------

Command Line: --add-modules=ALL-SYSTEM --add-opens=java.base/java.util=ALL-UNNAMED --add-opens=java.base/java.lang=ALL-UNNAMED --add-opens=java.base/sun.nio.fs=ALL-UNNAMED -Declipse.application=org.eclipse.jdt.ls.core.id1 -Dosgi.bundles.defaultStartLevel=4 -Declipse.product=org.eclipse.jdt.ls.core.product -Djava.import.generatesMetadataFilesAtProjectRoot=false -DDetectVMInstallationsJob.disabled=true -Dfile.encoding=utf8 -XX:+UseParallelGC -XX:GCTimeRatio=4 -XX:AdaptiveSizePolicyWeight=90 -Dsun.zip.disableMemoryMapping=true -Xmx2G -Xms100m -Xlog:disable -javaagent:c:\Users\Raihan Rizki Wijaya\.vscode\extensions\redhat.java-1.50.0-win32-x64\lombok\lombok-1.18.39-4050.jar -XX:+HeapDumpOnOutOfMemoryError -XX:HeapDumpPath=c:\Users\Raihan Rizki Wijaya\AppData\Roaming\Code\User\workspaceStorage\662dde72fd6fe95ca3766eb8ec90f6c2\redhat.java -Daether.dependencyCollector.impl=bf c:\Users\Raihan Rizki Wijaya\.vscode\extensions\redhat.java-1.50.0-win32-x64\server\plugins\org.eclipse.equinox.launcher_1.7.100.v20251111-0406.jar -configuration c:\Users\Raihan Rizki Wijaya\AppData\Roaming\Code\User\globalStorage\redhat.java\1.50.0\config_win -data c:\Users\Raihan Rizki Wijaya\AppData\Roaming\Code\User\workspaceStorage\662dde72fd6fe95ca3766eb8ec90f6c2\redhat.java\jdt_ws --pipe=\\.\pipe\lsp-06eb6d87e1ac0a72026bef646f209f0a-sock

Host: AMD Ryzen 5 5625U with Radeon Graphics         , 12 cores, 5G,  Windows 11 , 64 bit Build 26100 (10.0.26100.7309)
Time: Thu Dec 25 09:26:37 2025 SE Asia Standard Time elapsed time: 1858.918855 seconds (0d 0h 30m 58s)

---------------  T H R E A D  ---------------

Current thread (0x00000229ef5c2d80):  JavaThread "Attach Listener" daemon [_thread_in_vm, id=23944, stack(0x000000ee38100000,0x000000ee38200000) (1024K)]

Stack: [0x000000ee38100000,0x000000ee38200000]
Native frames: (J=compiled Java code, j=interpreted, Vv=VM code, C=native code)
V  [jvm.dll+0x6d6e29]
V  [jvm.dll+0x8b4b76]
V  [jvm.dll+0x8b712e]
V  [jvm.dll+0x8b7813]
V  [jvm.dll+0x283d86]
V  [jvm.dll+0xc1277]
V  [jvm.dll+0x6d76d9]
V  [jvm.dll+0x133466]
V  [jvm.dll+0x3f7ea6]
V  [jvm.dll+0x85e9ad]
V  [jvm.dll+0x6d565d]
C  [ucrtbase.dll+0x37b0]
C  [KERNEL32.DLL+0x2e8d7]
C  [ntdll.dll+0x8c53c]


---------------  P R O C E S S  ---------------

Threads class SMR info:
_java_thread_list=0x00000229d2672b30, length=48, elements={
0x00000229ed0f8eb0, 0x00000229ef4cc950, 0x00000229ef4ce600, 0x00000229ef5c2330,
0x00000229ef5c2d80, 0x00000229ef5cad50, 0x00000229ef5d3ce0, 0x00000229ef5de6c0,
0x00000229f825ab10, 0x00000229f843d260, 0x00000229f8589ec0, 0x00000229fe0ccba0,
0x00000229fe170c80, 0x00000229fe1712e0, 0x00000229f96fca00, 0x00000229f9980410,
0x00000229f852adf0, 0x00000229f962be70, 0x00000229f9501ac0, 0x00000229fec2d560,
0x00000229fec2c840, 0x00000229d0f820c0, 0x00000229d0f7f960, 0x00000229d0f80680,
0x00000229d0f80d10, 0x00000229d0f82750, 0x00000229d0f7f2d0, 0x00000229f98772d0,
0x00000229f9878680, 0x00000229f9878d10, 0x00000229f98793a0, 0x00000229f9879a30,
0x00000229f9877960, 0x00000229f98765b0, 0x00000229f9877ff0, 0x00000229f987a0c0,
0x00000229f9876c40, 0x00000229d094f760, 0x00000229d094ea40, 0x00000229d0951ec0,
0x00000229d094fdf0, 0x00000229d0953900, 0x00000229d0952550, 0x00000229d0950480,
0x00000229d0952be0, 0x00000229d0953f90, 0x00000229d0954620, 0x00000229d09511a0
}

Java Threads: ( => current thread )
  0x00000229ed0f8eb0 JavaThread "main"                              [_thread_blocked, id=14608, stack(0x000000ee37a00000,0x000000ee37b00000) (1024K)]
  0x00000229ef4cc950 JavaThread "Reference Handler"          daemon [_thread_blocked, id=6744, stack(0x000000ee37e00000,0x000000ee37f00000) (1024K)]
  0x00000229ef4ce600 JavaThread "Finalizer"                  daemon [_thread_blocked, id=7804, stack(0x000000ee37f00000,0x000000ee38000000) (1024K)]
  0x00000229ef5c2330 JavaThread "Signal Dispatcher"          daemon [_thread_blocked, id=11040, stack(0x000000ee38000000,0x000000ee38100000) (1024K)]
=>0x00000229ef5c2d80 JavaThread "Attach Listener"            daemon [_thread_in_vm, id=23944, stack(0x000000ee38100000,0x000000ee38200000) (1024K)]
  0x00000229ef5cad50 JavaThread "Service Thread"             daemon [_thread_blocked, id=29488, stack(0x000000ee38200000,0x000000ee38300000) (1024K)]
  0x00000229ef5d3ce0 JavaThread "Monitor Deflation Thread"   daemon [_thread_blocked, id=14012, stack(0x000000ee38300000,0x000000ee38400000) (1024K)]
  0x00000229ef5de6c0 JavaThread "C2 CompilerThread0"         daemon [_thread_blocked, id=8640, stack(0x000000ee38400000,0x000000ee38500000) (1024K)]
  0x00000229f825ab10 JavaThread "C1 CompilerThread0"         daemon [_thread_blocked, id=19164, stack(0x000000ee38500000,0x000000ee38600000) (1024K)]
  0x00000229f843d260 JavaThread "Common-Cleaner"             daemon [_thread_blocked, id=9752, stack(0x000000ee38600000,0x000000ee38700000) (1024K)]
  0x00000229f8589ec0 JavaThread "Notification Thread"        daemon [_thread_blocked, id=26884, stack(0x000000ee38800000,0x000000ee38900000) (1024K)]
  0x00000229fe0ccba0 JavaThread "Active Thread: Equinox Container: 34a151d4-023f-4912-aaf5-3f1cb93fecf1"        [_thread_blocked, id=24524, stack(0x000000ee38900000,0x000000ee38a00000) (1024K)]
  0x00000229fe170c80 JavaThread "Refresh Thread: Equinox Container: 34a151d4-023f-4912-aaf5-3f1cb93fecf1" daemon [_thread_blocked, id=25776, stack(0x000000ee39100000,0x000000ee39200000) (1024K)]
  0x00000229fe1712e0 JavaThread "Framework Event Dispatcher: Equinox Container: 34a151d4-023f-4912-aaf5-3f1cb93fecf1" daemon [_thread_blocked, id=26096, stack(0x000000ee39200000,0x000000ee39300000) (1024K)]
  0x00000229f96fca00 JavaThread "Start Level: Equinox Container: 34a151d4-023f-4912-aaf5-3f1cb93fecf1" daemon [_thread_blocked, id=22796, stack(0x000000ee38700000,0x000000ee38800000) (1024K)]
  0x00000229f9980410 JavaThread "Bundle File Closer"         daemon [_thread_blocked, id=28176, stack(0x000000ee39500000,0x000000ee39600000) (1024K)]
  0x00000229f852adf0 JavaThread "SCR Component Actor"        daemon [_thread_blocked, id=10344, stack(0x000000ee39600000,0x000000ee39700000) (1024K)]
  0x00000229f962be70 JavaThread "Worker-JM"                         [_thread_blocked, id=1344, stack(0x000000ee39800000,0x000000ee39900000) (1024K)]
  0x00000229f9501ac0 JavaThread "JNA Cleaner"                daemon [_thread_blocked, id=2940, stack(0x000000ee39700000,0x000000ee39800000) (1024K)]
  0x00000229fec2d560 JavaThread "Java indexing"              daemon [_thread_blocked, id=13044, stack(0x000000ee39c00000,0x000000ee39d00000) (1024K)]
  0x00000229fec2c840 JavaThread "Worker-2"                          [_thread_blocked, id=13896, stack(0x000000ee39d00000,0x000000ee39e00000) (1024K)]
  0x00000229d0f820c0 JavaThread "Thread-1"                   daemon [_thread_in_native, id=13140, stack(0x000000ee3a300000,0x000000ee3a400000) (1024K)]
  0x00000229d0f7f960 JavaThread "Thread-2"                   daemon [_thread_in_native, id=11116, stack(0x000000ee3a400000,0x000000ee3a500000) (1024K)]
  0x00000229d0f80680 JavaThread "Thread-3"                   daemon [_thread_in_native, id=7412, stack(0x000000ee3a500000,0x000000ee3a600000) (1024K)]
  0x00000229d0f80d10 JavaThread "Thread-4"                   daemon [_thread_in_native, id=23764, stack(0x000000ee3a600000,0x000000ee3a700000) (1024K)]
  0x00000229d0f82750 JavaThread "Thread-5"                   daemon [_thread_in_native, id=10712, stack(0x000000ee3a700000,0x000000ee3a800000) (1024K)]
  0x00000229d0f7f2d0 JavaThread "Thread-6"                   daemon [_thread_in_native, id=11284, stack(0x000000ee3a800000,0x000000ee3a900000) (1024K)]
  0x00000229f98772d0 JavaThread "Thread-7"                   daemon [_thread_in_native, id=4168, stack(0x000000ee3a900000,0x000000ee3aa00000) (1024K)]
  0x00000229f9878680 JavaThread "Thread-8"                   daemon [_thread_in_native, id=18020, stack(0x000000ee3aa00000,0x000000ee3ab00000) (1024K)]
  0x00000229f9878d10 JavaThread "Thread-9"                   daemon [_thread_in_native, id=22328, stack(0x000000ee3ab00000,0x000000ee3ac00000) (1024K)]
  0x00000229f98793a0 JavaThread "Thread-10"                  daemon [_thread_in_native, id=8296, stack(0x000000ee3ac00000,0x000000ee3ad00000) (1024K)]
  0x00000229f9879a30 JavaThread "Thread-11"                  daemon [_thread_in_native, id=17052, stack(0x000000ee3ad00000,0x000000ee3ae00000) (1024K)]
  0x00000229f9877960 JavaThread "Thread-12"                  daemon [_thread_in_native, id=16368, stack(0x000000ee3ae00000,0x000000ee3af00000) (1024K)]
  0x00000229f98765b0 JavaThread "Thread-13"                  daemon [_thread_in_native, id=6260, stack(0x000000ee3af00000,0x000000ee3b000000) (1024K)]
  0x00000229f9877ff0 JavaThread "pool-2-thread-1"                   [_thread_blocked, id=5156, stack(0x000000ee3b000000,0x000000ee3b100000) (1024K)]
  0x00000229f987a0c0 JavaThread "WorkspaceEventsHandler"            [_thread_blocked, id=24396, stack(0x000000ee3b100000,0x000000ee3b200000) (1024K)]
  0x00000229f9876c40 JavaThread "pool-1-thread-1"                   [_thread_blocked, id=27804, stack(0x000000ee3b200000,0x000000ee3b300000) (1024K)]
  0x00000229d094f760 JavaThread "Cleaner-0"                  daemon [_thread_blocked, id=15960, stack(0x000000ee3ce00000,0x000000ee3cf00000) (1024K)]
  0x00000229d094ea40 JavaThread "Worker-10"                         [_thread_blocked, id=9036, stack(0x000000ee39900000,0x000000ee39a00000) (1024K)]
  0x00000229d0951ec0 JavaThread "ForkJoinPool.commonPool-worker-13" daemon [_thread_blocked, id=26436, stack(0x000000ee37700000,0x000000ee37800000) (1024K)]
  0x00000229d094fdf0 JavaThread "ForkJoinPool.commonPool-worker-15" daemon [_thread_blocked, id=29328, stack(0x000000ee37800000,0x000000ee37900000) (1024K)]
  0x00000229d0953900 JavaThread "ForkJoinPool.commonPool-worker-16" daemon [_thread_blocked, id=26968, stack(0x000000ee37900000,0x000000ee37a00000) (1024K)]
  0x00000229d0952550 JavaThread "ForkJoinPool.commonPool-worker-17" daemon [_thread_blocked, id=23980, stack(0x000000ee39a00000,0x000000ee39b00000) (1024K)]
  0x00000229d0950480 JavaThread "Worker-13"                         [_thread_blocked, id=25960, stack(0x000000ee39b00000,0x000000ee39c00000) (1024K)]
  0x00000229d0952be0 JavaThread "Worker-14"                         [_thread_blocked, id=17612, stack(0x000000ee39e00000,0x000000ee39f00000) (1024K)]
  0x00000229d0953f90 JavaThread "Worker-15"                         [_thread_blocked, id=22384, stack(0x000000ee39f00000,0x000000ee3a000000) (1024K)]
  0x00000229d0954620 JavaThread "ForkJoinPool.commonPool-worker-18" daemon [_thread_blocked, id=21708, stack(0x000000ee3a000000,0x000000ee3a100000) (1024K)]
  0x00000229d09511a0 JavaThread "ForkJoinPool.commonPool-worker-19" daemon [_thread_blocked, id=29604, stack(0x000000ee3a100000,0x000000ee3a200000) (1024K)]
Total: 48

Other Threads:
  0x00000229ef5bebe0 VMThread "VM Thread"                           [id=27020, stack(0x000000ee37d00000,0x000000ee37e00000) (1024K)] _threads_hazard_ptr=0x00000229d2672b30
  0x00000229ef3aca00 WatcherThread "VM Periodic Task Thread"        [id=15192, stack(0x000000ee37c00000,0x000000ee37d00000) (1024K)]
  0x00000229ef53ed50 WorkerThread "GC Thread#0"                     [id=14696, stack(0x000000ee37b00000,0x000000ee37c00000) (1024K)]
  0x00000229f99426c0 WorkerThread "GC Thread#1"                     [id=20280, stack(0x000000ee38a00000,0x000000ee38b00000) (1024K)]
  0x00000229f9942a60 WorkerThread "GC Thread#2"                     [id=21072, stack(0x000000ee38b00000,0x000000ee38c00000) (1024K)]
  0x00000229f9942e00 WorkerThread "GC Thread#3"                     [id=19248, stack(0x000000ee38c00000,0x000000ee38d00000) (1024K)]
  0x00000229f95cabf0 WorkerThread "GC Thread#4"                     [id=11536, stack(0x000000ee38d00000,0x000000ee38e00000) (1024K)]
  0x00000229f95caf90 WorkerThread "GC Thread#5"                     [id=1432, stack(0x000000ee38e00000,0x000000ee38f00000) (1024K)]
  0x00000229f95cb330 WorkerThread "GC Thread#6"                     [id=21320, stack(0x000000ee38f00000,0x000000ee39000000) (1024K)]
  0x00000229fe03ad40 WorkerThread "GC Thread#7"                     [id=24336, stack(0x000000ee39000000,0x000000ee39100000) (1024K)]
  0x00000229fe03bbc0 WorkerThread "GC Thread#8"                     [id=12576, stack(0x000000ee39300000,0x000000ee39400000) (1024K)]
  0x00000229fe03a600 WorkerThread "GC Thread#9"                     [id=5252, stack(0x000000ee39400000,0x000000ee39500000) (1024K)]
Total: 12

Threads with active compile tasks:
C2 CompilerThread0  1858980 16617       4       org.eclipse.core.internal.registry.ConfigurationElement::getAttributeAsIs (62 bytes)
C1 CompilerThread0  1858980 16619   !   3       java.util.concurrent.LinkedBlockingQueue::take (91 bytes)
Total: 2

VM state: synchronizing (normal execution)

VM Mutex/Monitor currently owned by a thread:  ([mutex/lock_event])
[0x00007ffdf2e9d570] Threads_lock - owner thread: 0x00000229ef5bebe0

Heap address: 0x0000000080000000, size: 2048 MB, Compressed Oops mode: 32-bit

CDS archive(s) mapped at: [0x000002298f000000-0x000002298fba0000-0x000002298fba0000), size 12189696, SharedBaseAddress: 0x000002298f000000, ArchiveRelocationMode: 1.
Compressed class space mapped at: 0x0000022990000000-0x00000229d0000000, reserved size: 1073741824
Narrow klass base: 0x000002298f000000, Narrow klass shift: 0, Narrow klass range: 0x100000000

GC Precious Log:
 CardTable entry size: 512
 CPUs: 12 total, 12 available
 Memory: 5989M
 Large Page Support: Disabled
 NUMA Support: Disabled
 Compressed Oops: Enabled (32-bit)
 Alignments: Space 512K, Generation 512K, Heap 2M
 Heap Min Capacity: 100M
 Heap Initial Capacity: 100M
 Heap Max Capacity: 2G
 Pre-touch: Disabled
 Parallel Workers: 10

Heap:
 PSYoungGen      total 26624K, used 17223K [0x00000000d5580000, 0x00000000d7700000, 0x0000000100000000)
  eden space 22016K, 57% used [0x00000000d5580000,0x00000000d61e68a8,0x00000000d6b00000)
  from space 4608K, 98% used [0x00000000d6b80000,0x00000000d6feb530,0x00000000d7000000)
  to   space 6144K, 0% used [0x00000000d7100000,0x00000000d7100000,0x00000000d7700000)
 ParOldGen       total 963584K, used 963423K [0x0000000080000000, 0x00000000bad00000, 0x00000000d5580000)
  object space 963584K, 99% used [0x0000000080000000,0x00000000bacd7d10,0x00000000bad00000)
 Metaspace       used 79367K, committed 81024K, reserved 1179648K
  class space    used 8371K, committed 9088K, reserved 1048576K

Card table byte_map: [0x00000229eeec0000,0x00000229ef2d0000] _byte_map_base: 0x00000229eeac0000

Marking Bits: (ParMarkBitMap*) 0x00007ffdf2ea2460
 Begin Bits: [0x00000229f29d0000, 0x00000229f49d0000)
 End Bits:   [0x00000229f49d0000, 0x00000229f69d0000)

Polling page: 0x00000229ed3a0000

Metaspace:

Usage:
  Non-class:     69.33 MB used.
      Class:      8.18 MB used.
       Both:     77.51 MB used.

Virtual space:
  Non-class space:      128.00 MB reserved,      70.25 MB ( 55%) committed,  2 nodes.
      Class space:        1.00 GB reserved,       8.88 MB ( <1%) committed,  1 nodes.
             Both:        1.12 GB reserved,      79.12 MB (  7%) committed. 

Chunk freelists:
   Non-Class:  9.38 MB
       Class:  7.16 MB
        Both:  16.53 MB

MaxMetaspaceSize: unlimited
CompressedClassSpaceSize: 1.00 GB
Initial GC threshold: 21.00 MB
Current GC threshold: 98.88 MB
CDS: on
 - commit_granule_bytes: 65536.
 - commit_granule_words: 8192.
 - virtual_space_node_default_size: 8388608.
 - enlarge_chunks_in_place: 1.
 - use_allocation_guard: 0.


Internal statistics:

num_allocs_failed_limit: 13.
num_arena_births: 1330.
num_arena_deaths: 22.
num_vsnodes_births: 3.
num_vsnodes_deaths: 0.
num_space_committed: 1266.
num_space_uncommitted: 0.
num_chunks_returned_to_freelist: 39.
num_chunks_taken_from_freelist: 4895.
num_chunk_merges: 22.
num_chunk_splits: 3017.
num_chunks_enlarged: 1761.
num_inconsistent_stats: 0.

CodeHeap 'non-profiled nmethods': size=120000Kb used=13024Kb max_used=13024Kb free=106975Kb
 bounds [0x0000022987ad0000, 0x0000022988790000, 0x000002298f000000]
CodeHeap 'profiled nmethods': size=120000Kb used=36400Kb max_used=36400Kb free=83599Kb
 bounds [0x0000022980000000, 0x0000022982390000, 0x0000022987530000]
CodeHeap 'non-nmethods': size=5760Kb used=1503Kb max_used=1561Kb free=4256Kb
 bounds [0x0000022987530000, 0x00000229877a0000, 0x0000022987ad0000]
CodeCache: size=245760Kb, used=50927Kb, max_used=50985Kb, free=194830Kb
 total_blobs=16716, nmethods=15893, adapters=727, full_count=0
Compilation: enabled, stopped_count=0, restarted_count=0

Compilation events (20 events):
Event: 1857.422 Thread 0x00000229ef5de6c0 nmethod 16610 0x0000022988787710 code [0x00000229887878a0, 0x0000022988787940]
Event: 1857.442 Thread 0x00000229f825ab10 nmethod 16607 0x000002298236bb90 code [0x000002298236c8e0, 0x0000022982374cb0]
Event: 1857.442 Thread 0x00000229f825ab10 16608       3       com.google.gson.Gson::newJsonWriter (70 bytes)
Event: 1857.448 Thread 0x00000229f825ab10 nmethod 16608 0x0000022982378010 code [0x0000022982378220, 0x00000229823788a0]
Event: 1857.448 Thread 0x00000229f825ab10 16611       3       java.util.regex.Pattern::clazz (462 bytes)
Event: 1857.453 Thread 0x00000229f825ab10 nmethod 16611 0x0000022982378b10 code [0x0000022982378f40, 0x000002298237ac28]
Event: 1857.453 Thread 0x00000229f825ab10 16609       3       org.eclipse.core.internal.resources.CharsetManager::getCharsetFromPreferences (47 bytes)
Event: 1857.454 Thread 0x00000229f825ab10 nmethod 16609 0x000002298237b690 code [0x000002298237b8c0, 0x000002298237c150]
Event: 1857.462 Thread 0x00000229f825ab10 16612   !   3       org.eclipse.jdt.ls.core.internal.handlers.WorkspaceDiagnosticsHandler::visit (480 bytes)
Event: 1857.532 Thread 0x00000229f825ab10 nmethod 16612 0x000002298237c490 code [0x000002298237d020, 0x00000229823841a0]
Event: 1857.577 Thread 0x00000229f825ab10 16613   !   3       java.util.concurrent.CompletableFuture$UniApply::tryFire (149 bytes)
Event: 1857.585 Thread 0x00000229f825ab10 nmethod 16613 0x0000022982386710 code [0x0000022982386b40, 0x0000022982388928]
Event: 1857.591 Thread 0x00000229ef5de6c0 16614       4       java.util.LinkedList::linkFirst (59 bytes)
Event: 1857.594 Thread 0x00000229ef5de6c0 nmethod 16614 0x0000022988787a10 code [0x0000022988787ba0, 0x0000022988787d00]
Event: 1857.982 Thread 0x00000229ef5de6c0 16615       4       java.util.concurrent.locks.AbstractQueuedSynchronizer::casTail (13 bytes)
Event: 1857.982 Thread 0x00000229f825ab10 16616       3       java.util.stream.DistinctOps$1$2::accept (24 bytes)
Event: 1857.983 Thread 0x00000229f825ab10 nmethod 16616 0x0000022982389390 code [0x0000022982389560, 0x0000022982389848]
Event: 1857.984 Thread 0x00000229ef5de6c0 nmethod 16615 0x0000022988787e10 code [0x0000022988787fa0, 0x0000022988788060]
Event: 1857.993 Thread 0x00000229ef5de6c0 16617       4       org.eclipse.core.internal.registry.ConfigurationElement::getAttributeAsIs (62 bytes)
Event: 1858.019 Thread 0x00000229f825ab10 16619   !   3       java.util.concurrent.LinkedBlockingQueue::take (91 bytes)

GC Heap History (20 events):
Event: 154.541 GC heap before
{Heap before GC invocations=1353 (full 3):
 PSYoungGen      total 23552K, used 23063K [0x00000000d5580000, 0x00000000d6f80000, 0x0000000100000000)
  eden space 22016K, 100% used [0x00000000d5580000,0x00000000d6b00000,0x00000000d6b00000)
  from space 1536K, 68% used [0x00000000d6b00000,0x00000000d6c05cf8,0x00000000d6c80000)
  to   space 2048K, 0% used [0x00000000d6d80000,0x00000000d6d80000,0x00000000d6f80000)
 ParOldGen       total 940544K, used 940184K [0x0000000080000000, 0x00000000b9680000, 0x00000000d5580000)
  object space 940544K, 99% used [0x0000000080000000,0x00000000b9626378,0x00000000b9680000)
 Metaspace       used 76772K, committed 78528K, reserved 1179648K
  class space    used 8140K, committed 8896K, reserved 1048576K
}
Event: 154.545 GC heap after
{Heap after GC invocations=1353 (full 3):
 PSYoungGen      total 23040K, used 602K [0x00000000d5580000, 0x00000000d6e80000, 0x0000000100000000)
  eden space 22016K, 0% used [0x00000000d5580000,0x00000000d5580000,0x00000000d6b00000)
  from space 1024K, 58% used [0x00000000d6d80000,0x00000000d6e16920,0x00000000d6e80000)
  to   space 1024K, 0% used [0x00000000d6c80000,0x00000000d6c80000,0x00000000d6d80000)
 ParOldGen       total 940544K, used 940280K [0x0000000080000000, 0x00000000b9680000, 0x00000000d5580000)
  object space 940544K, 99% used [0x0000000080000000,0x00000000b963e378,0x00000000b9680000)
 Metaspace       used 76772K, committed 78528K, reserved 1179648K
  class space    used 8140K, committed 8896K, reserved 1048576K
}
Event: 159.304 GC heap before
{Heap before GC invocations=1354 (full 3):
 PSYoungGen      total 23040K, used 22618K [0x00000000d5580000, 0x00000000d6e80000, 0x0000000100000000)
  eden space 22016K, 100% used [0x00000000d5580000,0x00000000d6b00000,0x00000000d6b00000)
  from space 1024K, 58% used [0x00000000d6d80000,0x00000000d6e16920,0x00000000d6e80000)
  to   space 1024K, 0% used [0x00000000d6c80000,0x00000000d6c80000,0x00000000d6d80000)
 ParOldGen       total 940544K, used 940280K [0x0000000080000000, 0x00000000b9680000, 0x00000000d5580000)
  object space 940544K, 99% used [0x0000000080000000,0x00000000b963e378,0x00000000b9680000)
 Metaspace       used 77046K, committed 78784K, reserved 1179648K
  class space    used 8156K, committed 8896K, reserved 1048576K
}
Event: 159.309 GC heap after
{Heap after GC invocations=1354 (full 3):
 PSYoungGen      total 23040K, used 1017K [0x00000000d5580000, 0x00000000d6f00000, 0x0000000100000000)
  eden space 22016K, 0% used [0x00000000d5580000,0x00000000d5580000,0x00000000d6b00000)
  from space 1024K, 99% used [0x00000000d6c80000,0x00000000d6d7e430,0x00000000d6d80000)
  to   space 1536K, 0% used [0x00000000d6d80000,0x00000000d6d80000,0x00000000d6f00000)
 ParOldGen       total 941056K, used 940686K [0x0000000080000000, 0x00000000b9700000, 0x00000000d5580000)
  object space 941056K, 99% used [0x0000000080000000,0x00000000b96a38a0,0x00000000b9700000)
 Metaspace       used 77046K, committed 78784K, reserved 1179648K
  class space    used 8156K, committed 8896K, reserved 1048576K
}
Event: 159.529 GC heap before
{Heap before GC invocations=1355 (full 3):
 PSYoungGen      total 23040K, used 23033K [0x00000000d5580000, 0x00000000d6f00000, 0x0000000100000000)
  eden space 22016K, 100% used [0x00000000d5580000,0x00000000d6b00000,0x00000000d6b00000)
  from space 1024K, 99% used [0x00000000d6c80000,0x00000000d6d7e430,0x00000000d6d80000)
  to   space 1536K, 0% used [0x00000000d6d80000,0x00000000d6d80000,0x00000000d6f00000)
 ParOldGen       total 941056K, used 940686K [0x0000000080000000, 0x00000000b9700000, 0x00000000d5580000)
  object space 941056K, 99% used [0x0000000080000000,0x00000000b96a38a0,0x00000000b9700000)
 Metaspace       used 77839K, committed 79552K, reserved 1179648K
  class space    used 8221K, committed 8960K, reserved 1048576K
}
Event: 159.532 GC heap after
{Heap after GC invocations=1355 (full 3):
 PSYoungGen      total 23552K, used 1120K [0x00000000d5580000, 0x00000000d6f00000, 0x0000000100000000)
  eden space 22016K, 0% used [0x00000000d5580000,0x00000000d5580000,0x00000000d6b00000)
  from space 1536K, 72% used [0x00000000d6d80000,0x00000000d6e98000,0x00000000d6f00000)
  to   space 1536K, 0% used [0x00000000d6c00000,0x00000000d6c00000,0x00000000d6d80000)
 ParOldGen       total 942080K, used 941665K [0x0000000080000000, 0x00000000b9800000, 0x00000000d5580000)
  object space 942080K, 99% used [0x0000000080000000,0x00000000b97985d0,0x00000000b9800000)
 Metaspace       used 77839K, committed 79552K, reserved 1179648K
  class space    used 8221K, committed 8960K, reserved 1048576K
}
Event: 159.705 GC heap before
{Heap before GC invocations=1356 (full 3):
 PSYoungGen      total 23552K, used 23136K [0x00000000d5580000, 0x00000000d6f00000, 0x0000000100000000)
  eden space 22016K, 100% used [0x00000000d5580000,0x00000000d6b00000,0x00000000d6b00000)
  from space 1536K, 72% used [0x00000000d6d80000,0x00000000d6e98000,0x00000000d6f00000)
  to   space 1536K, 0% used [0x00000000d6c00000,0x00000000d6c00000,0x00000000d6d80000)
 ParOldGen       total 942080K, used 941665K [0x0000000080000000, 0x00000000b9800000, 0x00000000d5580000)
  object space 942080K, 99% used [0x0000000080000000,0x00000000b97985d0,0x00000000b9800000)
 Metaspace       used 78370K, committed 80000K, reserved 1179648K
  class space    used 8283K, committed 8960K, reserved 1048576K
}
Event: 159.710 GC heap after
{Heap after GC invocations=1356 (full 3):
 PSYoungGen      total 23040K, used 544K [0x00000000d5580000, 0x00000000d6e00000, 0x0000000100000000)
  eden space 22016K, 0% used [0x00000000d5580000,0x00000000d5580000,0x00000000d6b00000)
  from space 1024K, 53% used [0x00000000d6c00000,0x00000000d6c88000,0x00000000d6d00000)
  to   space 1024K, 0% used [0x00000000d6d00000,0x00000000d6d00000,0x00000000d6e00000)
 ParOldGen       total 943104K, used 942657K [0x0000000080000000, 0x00000000b9900000, 0x00000000d5580000)
  object space 943104K, 99% used [0x0000000080000000,0x00000000b98905e0,0x00000000b9900000)
 Metaspace       used 78370K, committed 80000K, reserved 1179648K
  class space    used 8283K, committed 8960K, reserved 1048576K
}
Event: 272.432 GC heap before
{Heap before GC invocations=1357 (full 3):
 PSYoungGen      total 23040K, used 22560K [0x00000000d5580000, 0x00000000d6e00000, 0x0000000100000000)
  eden space 22016K, 100% used [0x00000000d5580000,0x00000000d6b00000,0x00000000d6b00000)
  from space 1024K, 53% used [0x00000000d6c00000,0x00000000d6c88000,0x00000000d6d00000)
  to   space 1024K, 0% used [0x00000000d6d00000,0x00000000d6d00000,0x00000000d6e00000)
 ParOldGen       total 943104K, used 942657K [0x0000000080000000, 0x00000000b9900000, 0x00000000d5580000)
  object space 943104K, 99% used [0x0000000080000000,0x00000000b98905e0,0x00000000b9900000)
 Metaspace       used 78884K, committed 80576K, reserved 1179648K
  class space    used 8331K, committed 9024K, reserved 1048576K
}
Event: 272.662 GC heap after
{Heap after GC invocations=1357 (full 3):
 PSYoungGen      total 23040K, used 1006K [0x00000000d5580000, 0x00000000d6f00000, 0x0000000100000000)
  eden space 22016K, 0% used [0x00000000d5580000,0x00000000d5580000,0x00000000d6b00000)
  from space 1024K, 98% used [0x00000000d6d00000,0x00000000d6dfbb00,0x00000000d6e00000)
  to   space 2048K, 0% used [0x00000000d6b00000,0x00000000d6b00000,0x00000000d6d00000)
 ParOldGen       total 943616K, used 943137K [0x0000000080000000, 0x00000000b9980000, 0x00000000d5580000)
  object space 943616K, 99% used [0x0000000080000000,0x00000000b99085e0,0x00000000b9980000)
 Metaspace       used 78884K, committed 80576K, reserved 1179648K
  class space    used 8331K, committed 9024K, reserved 1048576K
}
Event: 302.229 GC heap before
{Heap before GC invocations=1358 (full 3):
 PSYoungGen      total 23040K, used 23022K [0x00000000d5580000, 0x00000000d6f00000, 0x0000000100000000)
  eden space 22016K, 100% used [0x00000000d5580000,0x00000000d6b00000,0x00000000d6b00000)
  from space 1024K, 98% used [0x00000000d6d00000,0x00000000d6dfbb00,0x00000000d6e00000)
  to   space 2048K, 0% used [0x00000000d6b00000,0x00000000d6b00000,0x00000000d6d00000)
 ParOldGen       total 943616K, used 943137K [0x0000000080000000, 0x00000000b9980000, 0x00000000d5580000)
  object space 943616K, 99% used [0x0000000080000000,0x00000000b99085e0,0x00000000b9980000)
 Metaspace       used 79096K, committed 80832K, reserved 1179648K
  class space    used 8364K, committed 9088K, reserved 1048576K
}
Event: 302.246 GC heap after
{Heap after GC invocations=1358 (full 3):
 PSYoungGen      total 24064K, used 2027K [0x00000000d5580000, 0x00000000d8100000, 0x0000000100000000)
  eden space 22016K, 0% used [0x00000000d5580000,0x00000000d5580000,0x00000000d6b00000)
  from space 2048K, 98% used [0x00000000d6b00000,0x00000000d6cfacb0,0x00000000d6d00000)
  to   space 11264K, 0% used [0x00000000d7600000,0x00000000d7600000,0x00000000d8100000)
 ParOldGen       total 950784K, used 950593K [0x0000000080000000, 0x00000000ba080000, 0x00000000d5580000)
  object space 950784K, 99% used [0x0000000080000000,0x00000000ba050750,0x00000000ba080000)
 Metaspace       used 79096K, committed 80832K, reserved 1179648K
  class space    used 8364K, committed 9088K, reserved 1048576K
}
Event: 304.516 GC heap before
{Heap before GC invocations=1359 (full 3):
 PSYoungGen      total 24064K, used 24043K [0x00000000d5580000, 0x00000000d8100000, 0x0000000100000000)
  eden space 22016K, 100% used [0x00000000d5580000,0x00000000d6b00000,0x00000000d6b00000)
  from space 2048K, 98% used [0x00000000d6b00000,0x00000000d6cfacb0,0x00000000d6d00000)
  to   space 11264K, 0% used [0x00000000d7600000,0x00000000d7600000,0x00000000d8100000)
 ParOldGen       total 950784K, used 950593K [0x0000000080000000, 0x00000000ba080000, 0x00000000d5580000)
  object space 950784K, 99% used [0x0000000080000000,0x00000000ba050750,0x00000000ba080000)
 Metaspace       used 79107K, committed 80832K, reserved 1179648K
  class space    used 8364K, committed 9088K, reserved 1048576K
}
Event: 304.527 GC heap after
{Heap after GC invocations=1359 (full 3):
 PSYoungGen      total 31744K, used 9531K [0x00000000d5580000, 0x00000000d7f80000, 0x0000000100000000)
  eden space 22016K, 0% used [0x00000000d5580000,0x00000000d5580000,0x00000000d6b00000)
  from space 9728K, 97% used [0x00000000d7600000,0x00000000d7f4ef80,0x00000000d7f80000)
  to   space 10240K, 0% used [0x00000000d6b80000,0x00000000d6b80000,0x00000000d7580000)
 ParOldGen       total 951296K, used 950953K [0x0000000080000000, 0x00000000ba100000, 0x00000000d5580000)
  object space 951296K, 99% used [0x0000000080000000,0x00000000ba0aa7c0,0x00000000ba100000)
 Metaspace       used 79107K, committed 80832K, reserved 1179648K
  class space    used 8364K, committed 9088K, reserved 1048576K
}
Event: 304.740 GC heap before
{Heap before GC invocations=1360 (full 3):
 PSYoungGen      total 31744K, used 31547K [0x00000000d5580000, 0x00000000d7f80000, 0x0000000100000000)
  eden space 22016K, 100% used [0x00000000d5580000,0x00000000d6b00000,0x00000000d6b00000)
  from space 9728K, 97% used [0x00000000d7600000,0x00000000d7f4ef80,0x00000000d7f80000)
  to   space 10240K, 0% used [0x00000000d6b80000,0x00000000d6b80000,0x00000000d7580000)
 ParOldGen       total 951296K, used 950953K [0x0000000080000000, 0x00000000ba100000, 0x00000000d5580000)
  object space 951296K, 99% used [0x0000000080000000,0x00000000ba0aa7c0,0x00000000ba100000)
 Metaspace       used 79116K, committed 80832K, reserved 1179648K
  class space    used 8364K, committed 9088K, reserved 1048576K
}
Event: 304.753 GC heap after
{Heap after GC invocations=1360 (full 3):
 PSYoungGen      total 30208K, used 8029K [0x00000000d5580000, 0x00000000d7c00000, 0x0000000100000000)
  eden space 22016K, 0% used [0x00000000d5580000,0x00000000d5580000,0x00000000d6b00000)
  from space 8192K, 98% used [0x00000000d6b80000,0x00000000d7357500,0x00000000d7380000)
  to   space 8704K, 0% used [0x00000000d7380000,0x00000000d7380000,0x00000000d7c00000)
 ParOldGen       total 952320K, used 952289K [0x0000000080000000, 0x00000000ba200000, 0x00000000d5580000)
  object space 952320K, 99% used [0x0000000080000000,0x00000000ba1f87d0,0x00000000ba200000)
 Metaspace       used 79116K, committed 80832K, reserved 1179648K
  class space    used 8364K, committed 9088K, reserved 1048576K
}
Event: 1855.992 GC heap before
{Heap before GC invocations=1361 (full 3):
 PSYoungGen      total 30208K, used 30045K [0x00000000d5580000, 0x00000000d7c00000, 0x0000000100000000)
  eden space 22016K, 100% used [0x00000000d5580000,0x00000000d6b00000,0x00000000d6b00000)
  from space 8192K, 98% used [0x00000000d6b80000,0x00000000d7357500,0x00000000d7380000)
  to   space 8704K, 0% used [0x00000000d7380000,0x00000000d7380000,0x00000000d7c00000)
 ParOldGen       total 952320K, used 952289K [0x0000000080000000, 0x00000000ba200000, 0x00000000d5580000)
  object space 952320K, 99% used [0x0000000080000000,0x00000000ba1f87d0,0x00000000ba200000)
 Metaspace       used 79289K, committed 80960K, reserved 1179648K
  class space    used 8370K, committed 9088K, reserved 1048576K
}
Event: 1856.428 GC heap after
{Heap after GC invocations=1361 (full 3):
 PSYoungGen      total 30208K, used 8027K [0x00000000d5580000, 0x00000000d7b80000, 0x0000000100000000)
  eden space 22016K, 0% used [0x00000000d5580000,0x00000000d5580000,0x00000000d6b00000)
  from space 8192K, 97% used [0x00000000d7380000,0x00000000d7b56fc0,0x00000000d7b80000)
  to   space 8192K, 0% used [0x00000000d6b80000,0x00000000d6b80000,0x00000000d7380000)
 ParOldGen       total 960512K, used 960071K [0x0000000080000000, 0x00000000baa00000, 0x00000000d5580000)
  object space 960512K, 99% used [0x0000000080000000,0x00000000ba991cb0,0x00000000baa00000)
 Metaspace       used 79289K, committed 80960K, reserved 1179648K
  class space    used 8370K, committed 9088K, reserved 1048576K
}
Event: 1857.122 GC heap before
{Heap before GC invocations=1362 (full 3):
 PSYoungGen      total 30208K, used 30036K [0x00000000d5580000, 0x00000000d7b80000, 0x0000000100000000)
  eden space 22016K, 99% used [0x00000000d5580000,0x00000000d6afe420,0x00000000d6b00000)
  from space 8192K, 97% used [0x00000000d7380000,0x00000000d7b56fc0,0x00000000d7b80000)
  to   space 8192K, 0% used [0x00000000d6b80000,0x00000000d6b80000,0x00000000d7380000)
 ParOldGen       total 960512K, used 960071K [0x0000000080000000, 0x00000000baa00000, 0x00000000d5580000)
  object space 960512K, 99% used [0x0000000080000000,0x00000000ba991cb0,0x00000000baa00000)
 Metaspace       used 79308K, committed 81024K, reserved 1179648K
  class space    used 8371K, committed 9088K, reserved 1048576K
}
Event: 1857.136 GC heap after
{Heap after GC invocations=1362 (full 3):
 PSYoungGen      total 26624K, used 4525K [0x00000000d5580000, 0x00000000d7700000, 0x0000000100000000)
  eden space 22016K, 0% used [0x00000000d5580000,0x00000000d5580000,0x00000000d6b00000)
  from space 4608K, 98% used [0x00000000d6b80000,0x00000000d6feb530,0x00000000d7000000)
  to   space 6144K, 0% used [0x00000000d7100000,0x00000000d7100000,0x00000000d7700000)
 ParOldGen       total 963584K, used 963423K [0x0000000080000000, 0x00000000bad00000, 0x00000000d5580000)
  object space 963584K, 99% used [0x0000000080000000,0x00000000bacd7d10,0x00000000bad00000)
 Metaspace       used 79308K, committed 81024K, reserved 1179648K
  class space    used 8371K, committed 9088K, reserved 1048576K
}

Dll operation events (12 events):
Event: 0.016 Loaded shared library c:\Users\Raihan Rizki Wijaya\.vscode\extensions\redhat.java-1.50.0-win32-x64\jre\21.0.9-win32-x86_64\bin\java.dll
Event: 0.121 Loaded shared library c:\Users\Raihan Rizki Wijaya\.vscode\extensions\redhat.java-1.50.0-win32-x64\jre\21.0.9-win32-x86_64\bin\zip.dll
Event: 0.147 Loaded shared library C:\Users\Raihan Rizki Wijaya\.vscode\extensions\redhat.java-1.50.0-win32-x64\jre\21.0.9-win32-x86_64\bin\instrument.dll
Event: 0.154 Loaded shared library C:\Users\Raihan Rizki Wijaya\.vscode\extensions\redhat.java-1.50.0-win32-x64\jre\21.0.9-win32-x86_64\bin\net.dll
Event: 0.158 Loaded shared library C:\Users\Raihan Rizki Wijaya\.vscode\extensions\redhat.java-1.50.0-win32-x64\jre\21.0.9-win32-x86_64\bin\nio.dll
Event: 0.161 Loaded shared library C:\Users\Raihan Rizki Wijaya\.vscode\extensions\redhat.java-1.50.0-win32-x64\jre\21.0.9-win32-x86_64\bin\zip.dll
Event: 0.181 Loaded shared library C:\Users\Raihan Rizki Wijaya\.vscode\extensions\redhat.java-1.50.0-win32-x64\jre\21.0.9-win32-x86_64\bin\jimage.dll
Event: 0.282 Loaded shared library c:\Users\Raihan Rizki Wijaya\.vscode\extensions\redhat.java-1.50.0-win32-x64\jre\21.0.9-win32-x86_64\bin\verify.dll
Event: 7.984 Loaded shared library C:\Users\Raihan Rizki Wijaya\AppData\Roaming\Code\User\globalStorage\redhat.java\1.50.0\config_win\org.eclipse.equinox.launcher\org.eclipse.equinox.launcher.win32.win32.x86_64_1.2.1400.v20250801-0854\eclipse_11916.dll
Event: 23.920 Loaded shared library C:\Users\Raihan Rizki Wijaya\AppData\Local\Temp\jna--1116129419\jna9661992205800908486.dll
Event: 33.058 Loaded shared library C:\Users\Raihan Rizki Wijaya\.vscode\extensions\redhat.java-1.50.0-win32-x64\jre\21.0.9-win32-x86_64\bin\sunmscapi.dll
Event: 33.424 Loaded shared library C:\Users\Raihan Rizki Wijaya\.vscode\extensions\redhat.java-1.50.0-win32-x64\jre\21.0.9-win32-x86_64\bin\extnet.dll

Deoptimization events (20 events):
Event: 1834.889 Thread 0x00000229d0950480 Uncommon trap: trap_request=0xffffff45 fr.pc=0x000002298806dc58 relative=0x0000000000000d38
Event: 1834.891 Thread 0x00000229d0950480 Uncommon trap: reason=unstable_if action=reinterpret pc=0x000002298806dc58 method=sun.nio.ch.IOUtil.write(Ljava/io/FileDescriptor;Ljava/nio/ByteBuffer;JZZILsun/nio/ch/NativeDispatcher;)I @ 4 c2
Event: 1834.891 Thread 0x00000229d0950480 DEOPT PACKING pc=0x000002298806dc58 sp=0x000000ee39bfdf40
Event: 1834.892 Thread 0x00000229d0950480 DEOPT UNPACKING pc=0x0000022987583aa2 sp=0x000000ee39bfde88 mode 2
Event: 1855.653 Thread 0x00000229f987a0c0 Uncommon trap: trap_request=0xffffffde fr.pc=0x000002298861dcc0 relative=0x0000000000000260
Event: 1855.654 Thread 0x00000229f987a0c0 Uncommon trap: reason=class_check action=maybe_recompile pc=0x000002298861dcc0 method=org.eclipse.jdt.internal.core.AbstractClassFile.equals(Ljava/lang/Object;)Z @ 39 c2
Event: 1855.654 Thread 0x00000229f987a0c0 DEOPT PACKING pc=0x000002298861dcc0 sp=0x000000ee3b1fd4c0
Event: 1855.655 Thread 0x00000229f987a0c0 DEOPT UNPACKING pc=0x0000022987583aa2 sp=0x000000ee3b1fd450 mode 2
Event: 1855.804 Thread 0x00000229fec2d560 Uncommon trap: trap_request=0xffffff45 fr.pc=0x0000022988547744 relative=0x00000000000006e4
Event: 1855.804 Thread 0x00000229fec2d560 Uncommon trap: reason=unstable_if action=reinterpret pc=0x0000022988547744 method=org.eclipse.jdt.internal.core.index.DiskIndex.readStreamDocumentArray(Ljava/io/InputStream;I)[I @ 60 c2
Event: 1855.804 Thread 0x00000229fec2d560 DEOPT PACKING pc=0x0000022988547744 sp=0x000000ee39cfe760
Event: 1855.807 Thread 0x00000229fec2d560 DEOPT UNPACKING pc=0x0000022987583aa2 sp=0x000000ee39cfe6f0 mode 2
Event: 1855.872 Thread 0x00000229fec2d560 DEOPT PACKING pc=0x00000229822d8d1c sp=0x000000ee39cfe7c0
Event: 1855.872 Thread 0x00000229fec2d560 DEOPT UNPACKING pc=0x0000022987584242 sp=0x000000ee39cfdd70 mode 0
Event: 1857.096 Thread 0x00000229fec2d560 DEOPT PACKING pc=0x00000229822d8d1c sp=0x000000ee39cfe7c0
Event: 1857.096 Thread 0x00000229fec2d560 DEOPT UNPACKING pc=0x0000022987584242 sp=0x000000ee39cfdd70 mode 0
Event: 1857.486 Thread 0x00000229fec2d560 Uncommon trap: trap_request=0xffffffde fr.pc=0x000002298856e34c relative=0x000000000000156c
Event: 1857.486 Thread 0x00000229fec2d560 Uncommon trap: reason=class_check action=maybe_recompile pc=0x000002298856e34c method=org.eclipse.jdt.internal.core.search.indexing.IndexManager.updateMetaIndex(Ljava/lang/String;Ljava/util/List;)V @ 91 c2
Event: 1857.487 Thread 0x00000229fec2d560 DEOPT PACKING pc=0x000002298856e34c sp=0x000000ee39cfed40
Event: 1857.487 Thread 0x00000229fec2d560 DEOPT UNPACKING pc=0x0000022987583aa2 sp=0x000000ee39cfed50 mode 2

Classes loaded (20 events):
Event: 152.152 Loading class jdk/internal/event/SecurityPropertyModificationEvent
Event: 152.152 Loading class jdk/internal/event/SecurityPropertyModificationEvent done
Event: 152.535 Loading class java/lang/UnsupportedClassVersionError
Event: 152.535 Loading class java/lang/UnsupportedClassVersionError done
Event: 154.503 Loading class javax/xml/transform/TransformerConfigurationException
Event: 154.504 Loading class javax/xml/transform/TransformerConfigurationException done
Event: 154.532 Loading class java/util/LinkedList$LLSpliterator
Event: 154.532 Loading class java/util/LinkedList$LLSpliterator done
Event: 160.582 Loading class jdk/internal/ref/CleanerImpl$InnocuousThreadFactory
Event: 160.583 Loading class jdk/internal/ref/CleanerImpl$InnocuousThreadFactory done
Event: 298.314 Loading class org/xml/sax/SAXNotRecognizedException
Event: 298.320 Loading class org/xml/sax/SAXNotRecognizedException done
Event: 298.322 Loading class org/xml/sax/SAXNotSupportedException
Event: 298.324 Loading class org/xml/sax/SAXNotSupportedException done
Event: 298.371 Loading class com/sun/org/apache/xerces/internal/util/URI
Event: 298.402 Loading class com/sun/org/apache/xerces/internal/util/URI done
Event: 298.421 Loading class com/sun/org/apache/xerces/internal/xni/XNIException
Event: 298.424 Loading class com/sun/org/apache/xerces/internal/xni/XNIException done
Event: 298.431 Loading class com/sun/org/apache/xerces/internal/xni/parser/XMLParseException
Event: 298.433 Loading class com/sun/org/apache/xerces/internal/xni/parser/XMLParseException done

Classes unloaded (11 events):
Event: 24.684 Thread 0x00000229ef5bebe0 Unloading class 0x00000229901a4800 'java/lang/invoke/LambdaForm$MH+0x00000229901a4800'
Event: 24.684 Thread 0x00000229ef5bebe0 Unloading class 0x00000229901a4400 'java/lang/invoke/LambdaForm$MH+0x00000229901a4400'
Event: 24.684 Thread 0x00000229ef5bebe0 Unloading class 0x00000229901a4000 'java/lang/invoke/LambdaForm$MH+0x00000229901a4000'
Event: 24.684 Thread 0x00000229ef5bebe0 Unloading class 0x00000229901a3c00 'java/lang/invoke/LambdaForm$MH+0x00000229901a3c00'
Event: 24.684 Thread 0x00000229ef5bebe0 Unloading class 0x00000229901a3800 'java/lang/invoke/LambdaForm$BMH+0x00000229901a3800'
Event: 24.684 Thread 0x00000229ef5bebe0 Unloading class 0x00000229901a3400 'java/lang/invoke/LambdaForm$DMH+0x00000229901a3400'
Event: 24.684 Thread 0x00000229ef5bebe0 Unloading class 0x00000229901a2000 'java/lang/invoke/LambdaForm$DMH+0x00000229901a2000'
Event: 71.891 Thread 0x00000229ef5bebe0 Unloading class 0x0000022990680c00 'java/lang/invoke/LambdaForm$DMH+0x0000022990680c00'
Event: 71.891 Thread 0x00000229ef5bebe0 Unloading class 0x0000022990680000 'java/lang/invoke/LambdaForm$DMH+0x0000022990680000'
Event: 71.891 Thread 0x00000229ef5bebe0 Unloading class 0x0000022990680400 'java/lang/invoke/LambdaForm$DMH+0x0000022990680400'
Event: 71.891 Thread 0x00000229ef5bebe0 Unloading class 0x0000022990680800 'java/lang/invoke/LambdaForm$DMH+0x0000022990680800'

Classes redefined (0 events):
No events

Internal exceptions (20 events):
Event: 159.376 Thread 0x00000229f92bed00 Implicit null exception at 0x000002298859b5e2 to 0x000002298859c8c0
Event: 159.574 Thread 0x00000229d09511a0 Exception <a 'java/lang/NoSuchMethodError'{0x00000000d575f510}: 'java.lang.Object java.lang.invoke.DirectMethodHandle$Holder.newInvokeSpecial(java.lang.Object, int, java.lang.Object, java.lang.Object, java.lang.Object)'> (0x00000000d575f510) 
thrown [s\src\hotspot\share\interpreter\linkResolver.cpp, line 773]
Event: 185.113 Thread 0x00000229f9876c40 Exception <a 'java/lang/IncompatibleClassChangeError'{0x00000000d69215b0}: Found class java.lang.Object, but interface was expected> (0x00000000d69215b0) 
thrown [s\src\hotspot\share\interpreter\linkResolver.cpp, line 840]
Event: 299.282 Thread 0x00000229d094ea40 Exception <a 'sun/nio/fs/WindowsException'{0x00000000d5b8d558}> (0x00000000d5b8d558) 
thrown [s\src\hotspot\share\prims\jni.cpp, line 520]
Event: 301.786 Thread 0x00000229fec2d560 Implicit null exception at 0x00000229884db743 to 0x00000229884dd4b4
Event: 301.848 Thread 0x00000229fec2d560 Exception <a 'sun/nio/fs/WindowsException'{0x00000000d5c08c30}> (0x00000000d5c08c30) 
thrown [s\src\hotspot\share\prims\jni.cpp, line 520]
Event: 302.034 Thread 0x00000229d0952be0 Exception <a 'sun/nio/fs/WindowsException'{0x00000000d632c250}> (0x00000000d632c250) 
thrown [s\src\hotspot\share\prims\jni.cpp, line 520]
Event: 302.048 Thread 0x00000229d0952be0 Exception <a 'sun/nio/fs/WindowsException'{0x00000000d63b2768}> (0x00000000d63b2768) 
thrown [s\src\hotspot\share\prims\jni.cpp, line 520]
Event: 302.490 Thread 0x00000229fec2d560 Exception <a 'sun/nio/fs/WindowsException'{0x00000000d61d1db8}> (0x00000000d61d1db8) 
thrown [s\src\hotspot\share\prims\jni.cpp, line 520]
Event: 304.479 Thread 0x00000229fec2d560 Exception <a 'sun/nio/fs/WindowsException'{0x00000000d61e7428}> (0x00000000d61e7428) 
thrown [s\src\hotspot\share\prims\jni.cpp, line 520]
Event: 304.669 Thread 0x00000229d09511a0 Exception <a 'sun/nio/fs/WindowsException'{0x00000000d63794e0}> (0x00000000d63794e0) 
thrown [s\src\hotspot\share\prims\jni.cpp, line 520]
Event: 304.854 Thread 0x00000229fec2d560 Exception <a 'sun/nio/fs/WindowsException'{0x00000000d5885328}> (0x00000000d5885328) 
thrown [s\src\hotspot\share\prims\jni.cpp, line 520]
Event: 304.940 Thread 0x00000229fec2d560 Exception <a 'sun/nio/fs/WindowsException'{0x00000000d59e9080}> (0x00000000d59e9080) 
thrown [s\src\hotspot\share\prims\jni.cpp, line 520]
Event: 414.008 Thread 0x00000229fec2c840 Exception <a 'sun/nio/fs/WindowsException'{0x00000000d5ad8a58}> (0x00000000d5ad8a58) 
thrown [s\src\hotspot\share\prims\jni.cpp, line 520]
Event: 414.012 Thread 0x00000229fec2c840 Exception <a 'sun/nio/fs/WindowsException'{0x00000000d5ad9590}> (0x00000000d5ad9590) 
thrown [s\src\hotspot\share\prims\jni.cpp, line 520]
Event: 1834.745 Thread 0x00000229d0950480 Exception <a 'sun/nio/fs/WindowsException'{0x00000000d642d8f8}> (0x00000000d642d8f8) 
thrown [s\src\hotspot\share\prims\jni.cpp, line 520]
Event: 1834.913 Thread 0x00000229d0950480 Exception <a 'sun/nio/fs/WindowsException'{0x00000000d643ff90}> (0x00000000d643ff90) 
thrown [s\src\hotspot\share\prims\jni.cpp, line 520]
Event: 1834.956 Thread 0x00000229d0950480 Exception <a 'sun/nio/fs/WindowsException'{0x00000000d6454770}> (0x00000000d6454770) 
thrown [s\src\hotspot\share\prims\jni.cpp, line 520]
Event: 1857.361 Thread 0x00000229d094ea40 Exception <a 'sun/nio/fs/WindowsException'{0x00000000d5f5e4c0}> (0x00000000d5f5e4c0) 
thrown [s\src\hotspot\share\prims\jni.cpp, line 520]
Event: 1857.475 Thread 0x00000229fec2d560 Exception <a 'sun/nio/fs/WindowsException'{0x00000000d5d21228}> (0x00000000d5d21228) 
thrown [s\src\hotspot\share\prims\jni.cpp, line 520]

ZGC Phase Switch (0 events):
No events

VM Operations (20 events):
Event: 1744.664 Executing VM operation: RendezvousGCThreads done
Event: 1803.475 Executing VM operation: HandshakeAllThreads (HandshakeForDeflation)
Event: 1803.480 Executing VM operation: HandshakeAllThreads (HandshakeForDeflation) done
Event: 1803.480 Executing VM operation: RendezvousGCThreads
Event: 1803.481 Executing VM operation: RendezvousGCThreads done
Event: 1828.735 Executing VM operation: Cleanup
Event: 1828.737 Executing VM operation: Cleanup done
Event: 1833.771 Executing VM operation: Cleanup
Event: 1833.772 Executing VM operation: Cleanup done
Event: 1834.776 Executing VM operation: Cleanup
Event: 1834.777 Executing VM operation: Cleanup done
Event: 1835.787 Executing VM operation: Cleanup
Event: 1835.787 Executing VM operation: Cleanup done
Event: 1855.941 Executing VM operation: Cleanup
Event: 1855.958 Executing VM operation: Cleanup done
Event: 1855.990 Executing VM operation: ParallelGCFailedAllocation (Allocation Failure)
Event: 1856.429 Executing VM operation: ParallelGCFailedAllocation (Allocation Failure) done
Event: 1857.122 Executing VM operation: ParallelGCFailedAllocation (Allocation Failure)
Event: 1857.136 Executing VM operation: ParallelGCFailedAllocation (Allocation Failure) done
Event: 1858.149 Executing VM operation: Cleanup

Memory protections (0 events):
No events

Nmethod flushes (20 events):
Event: 72.153 Thread 0x00000229ef5bebe0 flushing  nmethod 0x00000229808bdd10
Event: 72.153 Thread 0x00000229ef5bebe0 flushing  nmethod 0x00000229808be690
Event: 72.153 Thread 0x00000229ef5bebe0 flushing  nmethod 0x00000229808bea10
Event: 72.153 Thread 0x00000229ef5bebe0 flushing  nmethod 0x00000229808bf010
Event: 72.153 Thread 0x00000229ef5bebe0 flushing  nmethod 0x00000229808d1c90
Event: 72.153 Thread 0x00000229ef5bebe0 flushing  nmethod 0x00000229808d3610
Event: 72.153 Thread 0x00000229ef5bebe0 flushing  nmethod 0x00000229808e9710
Event: 72.153 Thread 0x00000229ef5bebe0 flushing  nmethod 0x00000229808eaf90
Event: 72.153 Thread 0x00000229ef5bebe0 flushing  nmethod 0x00000229808eb810
Event: 72.153 Thread 0x00000229ef5bebe0 flushing  nmethod 0x00000229808ef090
Event: 72.153 Thread 0x00000229ef5bebe0 flushing  nmethod 0x00000229808ef790
Event: 72.153 Thread 0x00000229ef5bebe0 flushing  nmethod 0x00000229808f0510
Event: 72.153 Thread 0x00000229ef5bebe0 flushing  nmethod 0x00000229808f2510
Event: 72.153 Thread 0x00000229ef5bebe0 flushing  nmethod 0x00000229808fad10
Event: 72.153 Thread 0x00000229ef5bebe0 flushing  nmethod 0x0000022980900090
Event: 72.153 Thread 0x00000229ef5bebe0 flushing  nmethod 0x0000022980932d10
Event: 72.153 Thread 0x00000229ef5bebe0 flushing  nmethod 0x000002298097ec90
Event: 72.153 Thread 0x00000229ef5bebe0 flushing  nmethod 0x0000022980981f10
Event: 72.153 Thread 0x00000229ef5bebe0 flushing  nmethod 0x000002298098da10
Event: 72.153 Thread 0x00000229ef5bebe0 flushing  nmethod 0x0000022980990610

Events (20 events):
Event: 452.697 Thread 0x00000229f987d540 Thread exited: 0x00000229f987d540
Event: 452.968 Thread 0x00000229d11720e0 Thread exited: 0x00000229d11720e0
Event: 512.981 Thread 0x00000229f987c820 Thread exited: 0x00000229f987c820
Event: 572.998 Thread 0x00000229d1172e00 Thread exited: 0x00000229d1172e00
Event: 633.006 Thread 0x00000229f92bd950 Thread exited: 0x00000229f92bd950
Event: 693.012 Thread 0x00000229d1173490 Thread exited: 0x00000229d1173490
Event: 753.023 Thread 0x00000229f92bfa20 Thread exited: 0x00000229f92bfa20
Event: 813.034 Thread 0x00000229f987c190 Thread exited: 0x00000229f987c190
Event: 873.043 Thread 0x00000229f92bc5a0 Thread exited: 0x00000229f92bc5a0
Event: 1716.902 Thread 0x00000229f9876c40 Thread added: 0x00000229d0951ec0
Event: 1716.951 Thread 0x00000229f9876c40 Thread added: 0x00000229d0952550
Event: 1778.097 Thread 0x00000229d0952550 Thread exited: 0x00000229d0952550
Event: 1828.406 Thread 0x00000229f9876c40 Thread added: 0x00000229d094fdf0
Event: 1828.417 Thread 0x00000229d094fdf0 Thread added: 0x00000229d0953900
Event: 1828.422 Thread 0x00000229d0951ec0 Thread added: 0x00000229d0952550
Event: 1833.194 Thread 0x00000229f987a0c0 Thread added: 0x00000229d0950480
Event: 1833.201 Thread 0x00000229d0950480 Thread added: 0x00000229d0952be0
Event: 1855.665 Thread 0x00000229fec2c840 Thread added: 0x00000229d0953f90
Event: 1856.488 Thread 0x00000229f9876c40 Thread added: 0x00000229d0954620
Event: 1856.488 Thread 0x00000229d0953900 Thread added: 0x00000229d09511a0


Dynamic libraries:
0x00007ff753db0000 - 0x00007ff753dbe000 	c:\Users\Raihan Rizki Wijaya\.vscode\extensions\redhat.java-1.50.0-win32-x64\jre\21.0.9-win32-x86_64\bin\java.exe
0x00007ffedd020000 - 0x00007ffedd287000 	C:\WINDOWS\SYSTEM32\ntdll.dll
0x00007ffedb650000 - 0x00007ffedb719000 	C:\WINDOWS\System32\KERNEL32.DLL
0x00007ffeda6d0000 - 0x00007ffedaabf000 	C:\WINDOWS\System32\KERNELBASE.dll
0x00007ffeda2b0000 - 0x00007ffeda3fb000 	C:\WINDOWS\System32\ucrtbase.dll
0x00007ffeab180000 - 0x00007ffeab198000 	c:\Users\Raihan Rizki Wijaya\.vscode\extensions\redhat.java-1.50.0-win32-x64\jre\21.0.9-win32-x86_64\bin\jli.dll
0x00007ffedb1c0000 - 0x00007ffedb385000 	C:\WINDOWS\System32\USER32.dll
0x00007ffeda400000 - 0x00007ffeda427000 	C:\WINDOWS\System32\win32u.dll
0x00007ffedce50000 - 0x00007ffedce7b000 	C:\WINDOWS\System32\GDI32.dll
0x00007ffeda430000 - 0x00007ffeda55c000 	C:\WINDOWS\System32\gdi32full.dll
0x00007ffeda200000 - 0x00007ffeda2a3000 	C:\WINDOWS\System32\msvcp_win.dll
0x00007ffeb1450000 - 0x00007ffeb146e000 	c:\Users\Raihan Rizki Wijaya\.vscode\extensions\redhat.java-1.50.0-win32-x64\jre\21.0.9-win32-x86_64\bin\VCRUNTIME140.dll
0x00007ffec6710000 - 0x00007ffec69a3000 	C:\WINDOWS\WinSxS\amd64_microsoft.windows.common-controls_6595b64144ccf1df_6.0.26100.7309_none_3e05feeae336a044\COMCTL32.dll
0x00007ffedafa0000 - 0x00007ffedb049000 	C:\WINDOWS\System32\msvcrt.dll
0x00007ffedc020000 - 0x00007ffedc051000 	C:\WINDOWS\System32\IMM32.DLL
0x00007ffeca020000 - 0x00007ffeca02c000 	c:\Users\Raihan Rizki Wijaya\.vscode\extensions\redhat.java-1.50.0-win32-x64\jre\21.0.9-win32-x86_64\bin\vcruntime140_1.dll
0x00007ffe8bcf0000 - 0x00007ffe8bd7d000 	c:\Users\Raihan Rizki Wijaya\.vscode\extensions\redhat.java-1.50.0-win32-x64\jre\21.0.9-win32-x86_64\bin\msvcp140.dll
0x00007ffdf21e0000 - 0x00007ffdf2f80000 	c:\Users\Raihan Rizki Wijaya\.vscode\extensions\redhat.java-1.50.0-win32-x64\jre\21.0.9-win32-x86_64\bin\server\jvm.dll
0x00007ffedc240000 - 0x00007ffedc2f4000 	C:\WINDOWS\System32\ADVAPI32.dll
0x00007ffedb490000 - 0x00007ffedb536000 	C:\WINDOWS\System32\sechost.dll
0x00007ffedcd10000 - 0x00007ffedce28000 	C:\WINDOWS\System32\RPCRT4.dll
0x00007ffedb5d0000 - 0x00007ffedb644000 	C:\WINDOWS\System32\WS2_32.dll
0x00007ffed9fd0000 - 0x00007ffeda02e000 	C:\WINDOWS\SYSTEM32\POWRPROF.dll
0x00007ffed27a0000 - 0x00007ffed27d5000 	C:\WINDOWS\SYSTEM32\WINMM.dll
0x00007ffed27e0000 - 0x00007ffed27eb000 	C:\WINDOWS\SYSTEM32\VERSION.dll
0x00007ffed9fb0000 - 0x00007ffed9fc4000 	C:\WINDOWS\SYSTEM32\UMPDC.dll
0x00007ffed8f20000 - 0x00007ffed8f3b000 	C:\WINDOWS\SYSTEM32\kernel.appcore.dll
0x00007ffec9590000 - 0x00007ffec959a000 	c:\Users\Raihan Rizki Wijaya\.vscode\extensions\redhat.java-1.50.0-win32-x64\jre\21.0.9-win32-x86_64\bin\jimage.dll
0x00007ffed7940000 - 0x00007ffed7b82000 	C:\WINDOWS\SYSTEM32\DBGHELP.DLL
0x00007ffedbbb0000 - 0x00007ffedbf35000 	C:\WINDOWS\System32\combase.dll
0x00007ffedadd0000 - 0x00007ffedaea6000 	C:\WINDOWS\System32\OLEAUT32.dll
0x00007ffec63e0000 - 0x00007ffec641c000 	C:\WINDOWS\SYSTEM32\dbgcore.DLL
0x00007ffedad10000 - 0x00007ffedadb5000 	C:\WINDOWS\System32\bcryptPrimitives.dll
0x00007ffec8be0000 - 0x00007ffec8bef000 	c:\Users\Raihan Rizki Wijaya\.vscode\extensions\redhat.java-1.50.0-win32-x64\jre\21.0.9-win32-x86_64\bin\instrument.dll
0x00007ffea6fd0000 - 0x00007ffea6ff0000 	c:\Users\Raihan Rizki Wijaya\.vscode\extensions\redhat.java-1.50.0-win32-x64\jre\21.0.9-win32-x86_64\bin\java.dll
0x00007ffedc5b0000 - 0x00007ffedcd03000 	C:\WINDOWS\System32\SHELL32.dll
0x00007ffeda560000 - 0x00007ffeda6ca000 	C:\WINDOWS\System32\wintypes.dll
0x00007ffed7d60000 - 0x00007ffed85be000 	C:\WINDOWS\SYSTEM32\windows.storage.dll
0x00007ffedce80000 - 0x00007ffedcf75000 	C:\WINDOWS\System32\SHCORE.dll
0x00007ffedaf30000 - 0x00007ffedaf96000 	C:\WINDOWS\System32\shlwapi.dll
0x00007ffeda090000 - 0x00007ffeda0b9000 	C:\WINDOWS\SYSTEM32\profapi.dll
0x00007ffea6390000 - 0x00007ffea63a8000 	c:\Users\Raihan Rizki Wijaya\.vscode\extensions\redhat.java-1.50.0-win32-x64\jre\21.0.9-win32-x86_64\bin\zip.dll
0x00007ffec87b0000 - 0x00007ffec87c0000 	C:\Users\Raihan Rizki Wijaya\.vscode\extensions\redhat.java-1.50.0-win32-x64\jre\21.0.9-win32-x86_64\bin\net.dll
0x00007ffed29b0000 - 0x00007ffed2ad8000 	C:\WINDOWS\SYSTEM32\WINHTTP.dll
0x00007ffed9490000 - 0x00007ffed94fb000 	C:\WINDOWS\system32\mswsock.dll
0x00007ffea5d20000 - 0x00007ffea5d36000 	C:\Users\Raihan Rizki Wijaya\.vscode\extensions\redhat.java-1.50.0-win32-x64\jre\21.0.9-win32-x86_64\bin\nio.dll
0x00007ffec84b0000 - 0x00007ffec84c0000 	c:\Users\Raihan Rizki Wijaya\.vscode\extensions\redhat.java-1.50.0-win32-x64\jre\21.0.9-win32-x86_64\bin\verify.dll
0x00007ffe93ea0000 - 0x00007ffe93ee4000 	C:\Users\Raihan Rizki Wijaya\AppData\Roaming\Code\User\globalStorage\redhat.java\1.50.0\config_win\org.eclipse.equinox.launcher\org.eclipse.equinox.launcher.win32.win32.x86_64_1.2.1400.v20250801-0854\eclipse_11916.dll
0x00007ffedc410000 - 0x00007ffedc5a7000 	C:\WINDOWS\System32\ole32.dll
0x00007ffed9750000 - 0x00007ffed976b000 	C:\WINDOWS\SYSTEM32\CRYPTSP.dll
0x00007ffed8e80000 - 0x00007ffed8eba000 	C:\WINDOWS\system32\rsaenh.dll
0x00007ffed9540000 - 0x00007ffed956b000 	C:\WINDOWS\SYSTEM32\USERENV.dll
0x00007ffeda060000 - 0x00007ffeda08a000 	C:\WINDOWS\SYSTEM32\bcrypt.dll
0x00007ffed9770000 - 0x00007ffed977c000 	C:\WINDOWS\SYSTEM32\CRYPTBASE.dll
0x00007ffed89a0000 - 0x00007ffed89d4000 	C:\WINDOWS\SYSTEM32\IPHLPAPI.DLL
0x00007ffedadc0000 - 0x00007ffedadca000 	C:\WINDOWS\System32\NSI.dll
0x00007ffe86cf0000 - 0x00007ffe86d39000 	C:\Users\Raihan Rizki Wijaya\AppData\Local\Temp\jna--1116129419\jna9661992205800908486.dll
0x00007ffedc3f0000 - 0x00007ffedc3f8000 	C:\WINDOWS\System32\PSAPI.DLL
0x00007ffed2770000 - 0x00007ffed278e000 	C:\WINDOWS\SYSTEM32\dhcpcsvc6.DLL
0x00007ffed2740000 - 0x00007ffed2763000 	C:\WINDOWS\SYSTEM32\dhcpcsvc.DLL
0x00007ffeabb90000 - 0x00007ffeabb9e000 	C:\Users\Raihan Rizki Wijaya\.vscode\extensions\redhat.java-1.50.0-win32-x64\jre\21.0.9-win32-x86_64\bin\sunmscapi.dll
0x00007ffedaad0000 - 0x00007ffedac47000 	C:\WINDOWS\System32\CRYPT32.dll
0x00007ffed9970000 - 0x00007ffed99a0000 	C:\WINDOWS\SYSTEM32\ncrypt.dll
0x00007ffed9920000 - 0x00007ffed995f000 	C:\WINDOWS\SYSTEM32\NTASN1.dll
0x00007ffed89e0000 - 0x00007ffed8b0c000 	C:\WINDOWS\SYSTEM32\DNSAPI.dll
0x00007ffece1a0000 - 0x00007ffece1ab000 	C:\Windows\System32\rasadhlp.dll
0x00007ffecf000000 - 0x00007ffecf086000 	C:\WINDOWS\System32\fwpuclnt.dll
0x00007ffeaba60000 - 0x00007ffeaba69000 	C:\Users\Raihan Rizki Wijaya\.vscode\extensions\redhat.java-1.50.0-win32-x64\jre\21.0.9-win32-x86_64\bin\extnet.dll

JVMTI agents:
c:\Users\Raihan Rizki Wijaya\.vscode\extensions\redhat.java-1.50.0-win32-x64\lombok\lombok-1.18.39-4050.jar path:c:\Users\Raihan Rizki Wijaya\.vscode\extensions\redhat.java-1.50.0-win32-x64\jre\21.0.9-win32-x86_64\bin\instrument.dll, loaded, initialized, instrumentlib options:none

dbghelp: loaded successfully - version: 4.0.5 - missing functions: none
symbol engine: initialized successfully - sym options: 0x614 - pdb path: .;c:\Users\Raihan Rizki Wijaya\.vscode\extensions\redhat.java-1.50.0-win32-x64\jre\21.0.9-win32-x86_64\bin;C:\WINDOWS\SYSTEM32;C:\WINDOWS\WinSxS\amd64_microsoft.windows.common-controls_6595b64144ccf1df_6.0.26100.7309_none_3e05feeae336a044;c:\Users\Raihan Rizki Wijaya\.vscode\extensions\redhat.java-1.50.0-win32-x64\jre\21.0.9-win32-x86_64\bin\server;C:\Users\Raihan Rizki Wijaya\AppData\Roaming\Code\User\globalStorage\redhat.java\1.50.0\config_win\org.eclipse.equinox.launcher\org.eclipse.equinox.launcher.win32.win32.x86_64_1.2.1400.v20250801-0854;C:\Users\Raihan Rizki Wijaya\AppData\Local\Temp\jna--1116129419

VM Arguments:
jvm_args: --add-modules=ALL-SYSTEM --add-opens=java.base/java.util=ALL-UNNAMED --add-opens=java.base/java.lang=ALL-UNNAMED --add-opens=java.base/sun.nio.fs=ALL-UNNAMED -Declipse.application=org.eclipse.jdt.ls.core.id1 -Dosgi.bundles.defaultStartLevel=4 -Declipse.product=org.eclipse.jdt.ls.core.product -Djava.import.generatesMetadataFilesAtProjectRoot=false -DDetectVMInstallationsJob.disabled=true -Dfile.encoding=utf8 -XX:+UseParallelGC -XX:GCTimeRatio=4 -XX:AdaptiveSizePolicyWeight=90 -Dsun.zip.disableMemoryMapping=true -Xmx2G -Xms100m -Xlog:disable -javaagent:c:\Users\Raihan Rizki Wijaya\.vscode\extensions\redhat.java-1.50.0-win32-x64\lombok\lombok-1.18.39-4050.jar -XX:+HeapDumpOnOutOfMemoryError -XX:HeapDumpPath=c:\Users\Raihan Rizki Wijaya\AppData\Roaming\Code\User\workspaceStorage\662dde72fd6fe95ca3766eb8ec90f6c2\redhat.java -Daether.dependencyCollector.impl=bf 
java_command: c:\Users\Raihan Rizki Wijaya\.vscode\extensions\redhat.java-1.50.0-win32-x64\server\plugins\org.eclipse.equinox.launcher_1.7.100.v20251111-0406.jar -configuration c:\Users\Raihan Rizki Wijaya\AppData\Roaming\Code\User\globalStorage\redhat.java\1.50.0\config_win -data c:\Users\Raihan Rizki Wijaya\AppData\Roaming\Code\User\workspaceStorage\662dde72fd6fe95ca3766eb8ec90f6c2\redhat.java\jdt_ws --pipe=\\.\pipe\lsp-06eb6d87e1ac0a72026bef646f209f0a-sock
java_class_path (initial): c:\Users\Raihan Rizki Wijaya\.vscode\extensions\redhat.java-1.50.0-win32-x64\server\plugins\org.eclipse.equinox.launcher_1.7.100.v20251111-0406.jar
Launcher Type: SUN_STANDARD

[Global flags]
    uintx AdaptiveSizePolicyWeight                 = 90                                        {product} {command line}
     intx CICompilerCount                          = 4                                         {product} {ergonomic}
    uintx GCTimeRatio                              = 4                                         {product} {command line}
     bool HeapDumpOnOutOfMemoryError               = true                                   {manageable} {command line}
    ccstr HeapDumpPath                             = c:\Users\Raihan Rizki Wijaya\AppData\Roaming\Code\User\workspaceStorage\662dde72fd6fe95ca3766eb8ec90f6c2\redhat.java         {manageable} {command line}
   size_t InitialHeapSize                          = 104857600                                 {product} {command line}
   size_t MaxHeapSize                              = 2147483648                                {product} {command line}
   size_t MaxNewSize                               = 715653120                                 {product} {ergonomic}
   size_t MinHeapDeltaBytes                        = 524288                                    {product} {ergonomic}
   size_t MinHeapSize                              = 104857600                                 {product} {command line}
   size_t NewSize                                  = 34603008                                  {product} {ergonomic}
    uintx NonNMethodCodeHeapSize                   = 5839372                                {pd product} {ergonomic}
    uintx NonProfiledCodeHeapSize                  = 122909434                              {pd product} {ergonomic}
   size_t OldSize                                  = 70254592                                  {product} {ergonomic}
    uintx ProfiledCodeHeapSize                     = 122909434                              {pd product} {ergonomic}
    uintx ReservedCodeCacheSize                    = 251658240                              {pd product} {ergonomic}
     bool SegmentedCodeCache                       = true                                      {product} {ergonomic}
   size_t SoftMaxHeapSize                          = 2147483648                             {manageable} {ergonomic}
     bool UseCompressedOops                        = true                           {product lp64_product} {ergonomic}
     bool UseLargePagesIndividualAllocation        = false                                  {pd product} {ergonomic}
     bool UseParallelGC                            = true                                      {product} {command line}

Logging:
Log output configuration:
 #0: stdout all=off uptime,level,tags foldmultilines=false
 #1: stderr all=off uptime,level,tags foldmultilines=false

Release file:
JAVA_VERSION="21.0.9" 
MODULES="java.base java.compiler java.datatransfer java.xml java.prefs java.desktop java.instrument java.logging java.management java.security.sasl java.naming java.rmi java.management.rmi java.net.http java.scripting java.security.jgss java.transaction.xa java.sql java.sql.rowset java.xml.crypto java.se java.smartcardio jdk.accessibility jdk.internal.jvmstat jdk.attach jdk.charsets jdk.internal.opt jdk.zipfs jdk.compiler jdk.crypto.ec jdk.crypto.cryptoki jdk.crypto.mscapi jdk.dynalink jdk.internal.ed jdk.editpad jdk.hotspot.agent jdk.httpserver jdk.internal.le jdk.internal.vm.ci jdk.internal.vm.compiler jdk.internal.vm.compiler.management jdk.jartool jdk.javadoc jdk.jcmd jdk.management jdk.management.agent jdk.jconsole jdk.jdeps jdk.jdwp.agent jdk.jdi jdk.jfr jdk.jshell jdk.jsobject jdk.jstatd jdk.localedata jdk.management.jfr jdk.naming.dns jdk.naming.rmi jdk.net jdk.nio.mapmode jdk.random jdk.sctp jdk.security.auth jdk.security.jgss jdk.unsupported jdk.unsupported.desktop jdk.xml.dom" 

Environment Variables:
JAVA_HOME=C:\Program Files\Java\jdk-20.0.2
PATH=C:\Program Files\Common Files\Oracle\Java\javapath;C:\WINDOWS\system32;C:\WINDOWS;C:\WINDOWS\System32\Wbem;C:\WINDOWS\System32\WindowsPowerShell\v1.0\;C:\WINDOWS\System32\OpenSSH\;C:\Program Files\Microsoft SQL Server\150\Tools\Binn\;C:\Program Files\Microsoft SQL Server\Client SDK\ODBC\170\Tools\Binn\;C:\Program Files\dotnet\;C:\Program Files\Java\jdk-20.0.2\bin;C:\Program Files (x86)\Microsoft SQL Server\150\Tools\Binn\;C:\Program Files\Microsoft SQL Server\150\DTS\Binn\;C:\Program Files\Microsoft SQL Server\Client SDK\ODBC\110\Tools\Binn\;C:\Program Files (x86)\Microsoft SQL Server\120\Tools\Binn\;C:\Program Files\Microsoft SQL Server\120\Tools\Binn\;C:\Program Files\Microsoft SQL Server\120\DTS\Binn\;C:\Program Files (x86)\Microsoft SQL Server\120\Tools\Binn\ManagementStudio\;C:\Program Files (x86)\Microsoft SQL Server\120\DTS\Binn\;C:\xampp\php;C:\Program Files\Git\cmd;C:\Program Files (x86)\Microsoft SQL Server\160\Tools\Binn\;C:\Program Files\Microsoft SQL Server\160\Tools\Binn\;C:\Program Files\Microsoft SQL Server\160\DTS\Binn\;C:\Users\Raihan Rizki Wijaya\AppData\Local\Programs\Python\Python313\Scripts\;C:\Users\Raihan Rizki Wijaya\AppData\Local\Programs\Python\Python313\;C:\Users\Raihan Rizki Wijaya\AppData\Local\Programs\Python\Launcher\;C:\Program Files\Java\jdk-20.0.2\bin;C:\Users\Raihan Rizki Wijaya\AppData\Local\Microsoft\WindowsApps;C:\Users\Raihan Rizki Wijaya\AppData\Local\Programs\Microsoft VS Code\bin;C:\src\flutter\bin;
USERNAME=Raihan Rizki Wijaya
OS=Windows_NT
PROCESSOR_IDENTIFIER=AMD64 Family 25 Model 80 Stepping 0, AuthenticAMD
TMP=C:\Users\RAIHAN~1\AppData\Local\Temp
TEMP=C:\Users\RAIHAN~1\AppData\Local\Temp




Periodic native trim disabled

---------------  S Y S T E M  ---------------

OS:
 Windows 11 , 64 bit Build 26100 (10.0.26100.7309)
OS uptime: 5 days 19:11 hours
Hyper-V role detected

CPU: total 12 (initial active 12) (12 cores per cpu, 2 threads per core) family 25 model 80 stepping 0 microcode 0xa50000c, cx8, cmov, fxsr, ht, mmx, 3dnowpref, sse, sse2, sse3, ssse3, sse4a, sse4.1, sse4.2, popcnt, lzcnt, tsc, tscinvbit, avx, avx2, aes, erms, clmul, bmi1, bmi2, adx, sha, fma, vzeroupper, clflush, clflushopt, hv, rdtscp, rdpid, fsrm, f16c, cet_ss
Processor Information for the first 12 processors :
  Max Mhz: 2301, Current Mhz: 2301, Mhz Limit: 2301

Memory: 4k page, system-wide physical 5989M (78M free)
TotalPageFile size 24421M (AvailPageFile size 61M)
current process WorkingSet (physical memory assigned to process): 198M, peak: 733M
current process commit charge ("private bytes"): 1309M, peak: 1313M

vm_info: OpenJDK 64-Bit Server VM (21.0.9+10-LTS) for windows-amd64 JRE (21.0.9+10-LTS), built on 2025-10-21T00:00:00Z by "admin" with unknown MS VC++:1942

END.
